[2024-03-05 10:21:17.717 AM] error: 	
Invalid `prisma.autoAttendanceSentSms.findMany()` invocation:


Can't reach database server at `localhost`:`3306`

Please make sure your database server is running at `localhost`:`3306`.
[2024-03-05 11:31:19.348 AM] error: 	
Invalid `prisma.user.findFirst()` invocation:

{
  where: {
    AND: [
      {
        username: "mehedi"
      },
      {
        equals: "my school and college"
      }
    ]
  }
}

Unknown argument `equals`. Available options are listed in green.
[2024-03-05 11:33:28.377 AM] error: 	
Invalid `prisma.user.findFirst()` invocation:

{
  where: {
    AND: [
      {
        username: "mehedi"
      },
      {
        school: {
          name: {
            equals: "my school and college"
          }
        }
      }
    ]
  },
  skip: {
    password: true
  }
  ~~~~~~~~~~~~~~~~
}

Argument `skip`: Invalid value provided. Expected Int, provided Object.
[2024-03-05 12:00:05.072 PM] error: 	tre is not defined
[2024-03-05 12:01:03.961 PM] error: 	
Invalid `prisma.user.findFirst()` invocation:

{
  where: {
    AND: [
      {
        username: "mehedi"
      },
      {
        school: {
          name: {
            equals: "my school and college"
          }
        }
      }
    ]
  },
  select: {
?   id?: true,
?   username?: true,
?   password?: true,
?   user_role_id?: true,
?   role_id?: true,
?   deleted_at?: true,
?   is_enabled?: true,
?   created_at?: true,
?   updated_at?: true,
?   user_photo?: true,
?   school_id?: true,
?   admin_panel_id?: true,
?   teacher?: true,
?   school?: true,
?   user_role?: true,
?   role?: true,
?   permissions?: true,
?   student?: true,
?   EmployeeAttendance?: true,
?   StudentFee?: true,
?   Leave?: true,
?   tbl_attendence_queue?: true,
?   approved_user?: true,
?   banners?: true,
?   Subscription_history?: true,
?   OtherUsersInfo?: true,
?   adminPanel?: true,
?   _count?: true
  }
}

The `select` statement for type User must not be empty. Available options are listed in green.
[2024-03-05 12:08:35.258 PM] error: 	
Invalid `prisma.user.findFirst()` invocation:

{
  where: {
    AND: [
      {
        username: "mehedi"
      },
      {
        school: {
          name: {
            equals: "my school and college"
          }
        }
      }
    ]
  },
  select: {
    student: {
      select: {
        variance: {
          where: {
            academic_year: {
              curr_active: true
            }
          },
          select: true
        }
      }
    }
  }
}

The `select` statement for type Student needs at least one truthy value.
[2024-03-05 01:38:27.608 PM] error: 	
Invalid `prisma.tbl_attendance_queue.create()` invocation:

{
  where: {
  ~~~~~
    school_id: 1,
    machine_id: "002_55748329_EM203413527_3BE579",
    user_id: 4,
    status: 1,
    submission_time: [
      "10",
      "41",
      "00"
    ]
  },
? data?: tbl_attendance_queueCreateInput | tbl_attendance_queueUncheckedCreateInput
}

Unknown argument `where`. Available options are listed in green.
[2024-03-05 01:38:40.951 PM] error: 	
Invalid `prisma.tbl_attendance_queue.create()` invocation:

{
  data: {
    school_id: 1,
    machine_id: "002_55748329_EM203413527_3BE579",
    user_id: 4,
    status: 1,
    submission_time: [
      "10",
      "41",
      "00"
    ]
    ~~~~~~
  }
}

Argument `submission_time`: Invalid value provided. Expected DateTime, provided (String, String, String).
[2024-03-05 01:53:56.249 PM] error: 	Cannot access 'time' before initialization
[2024-03-05 03:02:28.938 PM] error: 	auth_user(TUAMS) msg(Not Authorized)
[2024-03-05 03:05:34.101 PM] error: 	auth_user(TUAMS) msg(Not Authorized)
[2024-03-05 03:06:54.728 PM] error: 	auth_user(TUAMS) response(Not Authorized)
[2024-03-05 03:08:47.210 PM] error: 	auth_user(TUAMS) response(Not Authorized)
[2024-03-05 03:09:04.357 PM] error: 	auth_user(TUAMS) response(Not Authorized)
[2024-03-05 03:12:21.938 PM] error: 	auth_user(TUAMS) response(Not Authorized)
[2024-03-05 03:14:44.637 PM] error: 	auth_user(TUAMS) response(Not Authorized)
[2024-03-05 03:16:17.462 PM] error: 	auth_user(TUAMS) response(Not Authorized)
[2024-03-05 03:16:25.557 PM] error: 	auth_user(TUAMS) response(Not Authorized)
[2024-03-05 03:17:59.730 PM] error: 	auth_user(TUAMS) response(Not Authorized)
[2024-03-05 03:24:55.154 PM] error: 	auth_user(TUAMS) response(Not Authorized)
[2024-03-05 03:25:01.445 PM] error: 	auth_user(TUAMS) response(Not Authorized)
[2024-03-05 03:32:21.073 PM] error: 	auth_user(TUAMS) response(Not Authorized)
[2024-03-05 03:34:53.927 PM] error: 	auth_user(TUAMS) response(Not Authorized)
[2024-03-05 03:35:16.949 PM] error: 	auth_user(TUAMS) response(Not Authorized)
[2024-03-05 03:36:05.529 PM] error: 	auth_user(TUAMS) response(Not Authorized)
[2024-03-05 03:36:09.683 PM] error: 	auth_user(TUAMS) response(Not Authorized)
